<?xml version="1.0" encoding="UTF-8"?>
<testng-results ignored="0" total="1" passed="1" failed="0" skipped="0">
  <reporter-output>
  </reporter-output>
  <suite started-at="2021-05-23T09:56:41 IST" name="ParaBank Application Test Automation Test Suite" finished-at="2021-05-23T09:57:09 IST" duration-ms="27930">
    <groups>
    </groups>
    <test started-at="2021-05-23T09:56:41 IST" name="ParaBank App Test Cases" finished-at="2021-05-23T09:57:09 IST" duration-ms="27930">
      <class name="TestCases.AccountOverviewTest">
        <test-method is-config="true" signature="setup()[pri:0, instance:TestCases.AccountOverviewTest@6babf3bf]" started-at="2021-05-23T09:56:41 IST" name="setup" finished-at="2021-05-23T09:56:53 IST" duration-ms="11944" status="PASS">
          <reporter-output>
          </reporter-output>
        </test-method> <!-- setup -->
        <test-method signature="accountOverview(java.lang.String,java.lang.String)[pri:0, instance:TestCases.AccountOverviewTest@6babf3bf]" started-at="2021-05-23T09:56:53 IST" name="accountOverview" finished-at="2021-05-23T09:57:08 IST" duration-ms="14629" status="PASS">
          <params>
            <param index="0">
              <value>
                <![CDATA[narayani4]]>
              </value>
            </param>
            <param index="1">
              <value>
                <![CDATA[password4]]>
              </value>
            </param>
          </params>
          <reporter-output>
          </reporter-output>
        </test-method> <!-- accountOverview -->
        <test-method is-config="true" signature="tearDown()[pri:0, instance:TestCases.AccountOverviewTest@6babf3bf]" started-at="2021-05-23T09:57:08 IST" name="tearDown" finished-at="2021-05-23T09:57:09 IST" duration-ms="1299" status="PASS">
          <reporter-output>
          </reporter-output>
        </test-method> <!-- tearDown -->
      </class> <!-- TestCases.AccountOverviewTest -->
    </test> <!-- ParaBank App Test Cases -->
  </suite> <!-- ParaBank Application Test Automation Test Suite -->
</testng-results>
