<?xml version="1.0" encoding="UTF-8"?>
<testng-results ignored="0" total="2" passed="2" failed="0" skipped="0">
  <reporter-output>
  </reporter-output>
  <suite started-at="2021-05-21T09:43:54 IST" name="ParaBank Application Test Automation Test Suite" finished-at="2021-05-21T09:44:35 IST" duration-ms="40868">
    <groups>
    </groups>
    <test started-at="2021-05-21T09:43:54 IST" name="ParaBank App Test Cases" finished-at="2021-05-21T09:44:35 IST" duration-ms="40868">
      <class name="TestCases.FundTransTest">
        <test-method is-config="true" signature="setup()[pri:0, instance:TestCases.FundTransTest@759d26fb]" started-at="2021-05-21T09:44:13 IST" name="setup" finished-at="2021-05-21T09:44:23 IST" duration-ms="9941" status="PASS">
          <reporter-output>
          </reporter-output>
        </test-method> <!-- setup -->
        <test-method signature="fundTransfer(java.lang.String,java.lang.String,int)[pri:0, instance:TestCases.FundTransTest@759d26fb]" started-at="2021-05-21T09:44:23 IST" name="fundTransfer" finished-at="2021-05-21T09:44:34 IST" duration-ms="10267" status="PASS">
          <params>
            <param index="0">
              <value>
                <![CDATA[narayani1]]>
              </value>
            </param>
            <param index="1">
              <value>
                <![CDATA[password1]]>
              </value>
            </param>
            <param index="2">
              <value>
                <![CDATA[1200]]>
              </value>
            </param>
          </params>
          <reporter-output>
          </reporter-output>
        </test-method> <!-- fundTransfer -->
        <test-method is-config="true" signature="tearDown()[pri:0, instance:TestCases.FundTransTest@759d26fb]" started-at="2021-05-21T09:44:34 IST" name="tearDown" finished-at="2021-05-21T09:44:35 IST" duration-ms="1263" status="PASS">
          <reporter-output>
          </reporter-output>
        </test-method> <!-- tearDown -->
      </class> <!-- TestCases.FundTransTest -->
      <class name="TestCases.LoginTest">
        <test-method is-config="true" signature="setup()[pri:0, instance:TestCases.LoginTest@3fb1549b]" started-at="2021-05-21T09:43:54 IST" name="setup" finished-at="2021-05-21T09:44:07 IST" duration-ms="12868" status="PASS">
          <reporter-output>
          </reporter-output>
        </test-method> <!-- setup -->
        <test-method signature="logIn(java.lang.String,java.lang.String)[pri:0, instance:TestCases.LoginTest@3fb1549b]" started-at="2021-05-21T09:44:07 IST" name="logIn" finished-at="2021-05-21T09:44:12 IST" duration-ms="5189" status="PASS">
          <params>
            <param index="0">
              <value>
                <![CDATA[narayani1]]>
              </value>
            </param>
            <param index="1">
              <value>
                <![CDATA[password1]]>
              </value>
            </param>
          </params>
          <reporter-output>
          </reporter-output>
        </test-method> <!-- logIn -->
        <test-method is-config="true" signature="tearDown()[pri:0, instance:TestCases.LoginTest@3fb1549b]" started-at="2021-05-21T09:44:12 IST" name="tearDown" finished-at="2021-05-21T09:44:13 IST" duration-ms="1237" status="PASS">
          <reporter-output>
          </reporter-output>
        </test-method> <!-- tearDown -->
      </class> <!-- TestCases.LoginTest -->
    </test> <!-- ParaBank App Test Cases -->
  </suite> <!-- ParaBank Application Test Automation Test Suite -->
</testng-results>
